{"/home/lierce/Developer/Applications/workaholic/dev-atlas/apps/frontend/src/app/page.tsx": {"path":"/home/lierce/Developer/Applications/workaholic/dev-atlas/apps/frontend/src/app/page.tsx","statementMap":{"0":{"start":{"line":3,"column":24},"end":{"line":3,"column":null}},"1":{"start":{"line":1,"column":28},"end":{"line":1,"column":null}}},"fnMap":{"0":{"name":"HomePage","decl":{"start":{"line":3,"column":24},"end":{"line":3,"column":null}},"loc":{"start":{"line":3,"column":24},"end":{"line":17,"column":null}}}},"branchMap":{},"s":{"0":2,"1":1},"f":{"0":2},"b":{}}
,"/home/lierce/Developer/Applications/workaholic/dev-atlas/apps/frontend/src/components/ui/button.tsx": {"path":"/home/lierce/Developer/Applications/workaholic/dev-atlas/apps/frontend/src/components/ui/button.tsx","statementMap":{"0":{"start":{"line":44,"column":9},"end":{"line":44,"column":null}},"1":{"start":{"line":1,"column":23},"end":{"line":1,"column":null}},"2":{"start":{"line":2,"column":19},"end":{"line":2,"column":null}},"3":{"start":{"line":10,"column":15},"end":{"line":40,"column":null}},"4":{"start":{"line":12,"column":21},"end":{"line":19,"column":null}},"5":{"start":{"line":21,"column":18},"end":{"line":26,"column":null}},"6":{"start":{"line":42,"column":0},"end":{"line":42,"column":null}}},"fnMap":{"0":{"name":"(anonymous_4)","decl":{"start":{"line":11,"column":2},"end":{"line":11,"column":3}},"loc":{"start":{"line":11,"column":67},"end":{"line":40,"column":null}}}},"branchMap":{"0":{"loc":{"start":{"line":11,"column":16},"end":{"line":11,"column":35}},"type":"default-arg","locations":[{"start":{"line":11,"column":26},"end":{"line":11,"column":35}}]},"1":{"loc":{"start":{"line":11,"column":37},"end":{"line":11,"column":53}},"type":"default-arg","locations":[{"start":{"line":11,"column":44},"end":{"line":11,"column":53}}]}},"s":{"0":3,"1":1,"2":1,"3":1,"4":3,"5":3,"6":1},"f":{"0":3},"b":{"0":[3],"1":[3]}}
,"/home/lierce/Developer/Applications/workaholic/dev-atlas/apps/frontend/src/hooks/use-theme.ts": {"path":"/home/lierce/Developer/Applications/workaholic/dev-atlas/apps/frontend/src/hooks/use-theme.ts","statementMap":{"0":{"start":{"line":5,"column":16},"end":{"line":5,"column":null}},"1":{"start":{"line":3,"column":41},"end":{"line":3,"column":null}},"2":{"start":{"line":6,"column":45},"end":{"line":6,"column":null}},"3":{"start":{"line":8,"column":2},"end":{"line":14,"column":null}},"4":{"start":{"line":13,"column":23},"end":{"line":13,"column":null}}},"fnMap":{"0":{"name":"useTheme","decl":{"start":{"line":5,"column":16},"end":{"line":5,"column":null}},"loc":{"start":{"line":5,"column":16},"end":{"line":15,"column":null}}},"1":{"name":"(anonymous_2)","decl":{"start":{"line":13,"column":17},"end":{"line":13,"column":23}},"loc":{"start":{"line":13,"column":23},"end":{"line":13,"column":null}}}},"branchMap":{"0":{"loc":{"start":{"line":13,"column":32},"end":{"line":13,"column":null}},"type":"cond-expr","locations":[{"start":{"line":13,"column":59},"end":{"line":13,"column":69}},{"start":{"line":13,"column":69},"end":{"line":13,"column":null}}]}},"s":{"0":3,"1":1,"2":3,"3":3,"4":2},"f":{"0":3,"1":2},"b":{"0":[1,1]}}
,"/home/lierce/Developer/Applications/workaholic/dev-atlas/apps/frontend/src/lib/utils.ts": {"path":"/home/lierce/Developer/Applications/workaholic/dev-atlas/apps/frontend/src/lib/utils.ts","statementMap":{"0":{"start":{"line":4,"column":16},"end":{"line":4,"column":19}},"1":{"start":{"line":1,"column":38},"end":{"line":1,"column":null}},"2":{"start":{"line":2,"column":24},"end":{"line":2,"column":null}},"3":{"start":{"line":5,"column":2},"end":{"line":5,"column":null}}},"fnMap":{"0":{"name":"cn","decl":{"start":{"line":4,"column":16},"end":{"line":4,"column":19}},"loc":{"start":{"line":4,"column":42},"end":{"line":6,"column":null}}}},"branchMap":{},"s":{"0":3,"1":1,"2":1,"3":3},"f":{"0":3},"b":{}}
}
