TN:
SF:src/app/page.tsx
FN:3,HomePage
FNF:1
FNH:1
FNDA:2,HomePage
DA:1,1
DA:3,2
LF:2
LH:2
BRF:0
BRH:0
end_of_record
TN:
SF:src/components/ui/button.tsx
FN:11,(anonymous_4)
FNF:1
FNH:1
FNDA:3,(anonymous_4)
DA:1,1
DA:2,1
DA:10,1
DA:12,3
DA:21,3
DA:42,1
DA:44,3
LF:7
LH:7
BRDA:11,0,0,3
BRDA:11,1,0,3
BRF:2
BRH:2
end_of_record
TN:
SF:src/hooks/use-theme.ts
FN:5,useTheme
FN:13,(anonymous_2)
FNF:2
FNH:2
FNDA:3,useTheme
FNDA:2,(anonymous_2)
DA:3,1
DA:5,3
DA:6,3
DA:8,3
DA:13,2
LF:5
LH:5
BRDA:13,0,0,1
BRDA:13,0,1,1
BRF:2
BRH:2
end_of_record
TN:
SF:src/lib/utils.ts
FN:4,cn
FNF:1
FNH:1
FNDA:3,cn
DA:1,1
DA:2,1
DA:4,3
DA:5,3
LF:4
LH:4
BRF:0
BRH:0
end_of_record
